<?xml version="1.0" encoding="utf-8"?><testsuites name="pytest tests"><testsuite name="pytest" errors="0" failures="0" skipped="0" tests="153" time="15.513" timestamp="2026-08-23T11:16:08.754552+07:00" hostname="PhantomAL"><testcase classname="tests.unit.test_config.TestSettingsDefaults" name="test_default_app_name" time="0.012" /><testcase classname="tests.unit.test_config.TestSettingsDefaults" name="test_default_app_env" time="0.010" /><testcase classname="tests.unit.test_config.TestSettingsDefaults" name="test_default_is_development" time="0.010" /><testcase classname="tests.unit.test_config.TestSettingsDefaults" name="test_default_app_port" time="0.011" /><testcase classname="tests.unit.test_config.TestSettingsDefaults" name="test_default_auth_collection" time="0.011" /><testcase classname="tests.unit.test_config.TestCorsOrigins" name="test_parses_comma_separated" time="0.014" /><testcase classname="tests.unit.test_config.TestCorsOrigins" name="test_strips_whitespace" time="0.011" /><testcase classname="tests.unit.test_config.TestCorsOrigins" name="test_filters_empty" time="0.010" /><testcase classname="tests.unit.test_config.TestIsDevelopment" name="test_development_true" time="0.010" /><testcase classname="tests.unit.test_config.TestIsDevelopment" name="test_production_false" time="0.010" /><testcase classname="tests.unit.test_config.TestIsDevelopment" name="test_staging_false" time="0.010" /><testcase classname="tests.unit.test_config.TestNestedSettings" name="test_logging_defaults" time="0.011" /><testcase classname="tests.unit.test_config.TestNestedSettings" name="test_storage_defaults" time="0.010" /><testcase classname="tests.unit.test_config.TestNestedSettings" name="test_storage_max_file_bytes" time="0.010" /><testcase classname="tests.unit.test_dependencies.TestGetAuthContext" name="test_valid_token_returns_auth_context" time="0.019" /><testcase classname="tests.unit.test_dependencies.TestGetAuthContext" name="test_missing_token_raises_401" time="0.017" /><testcase classname="tests.unit.test_dependencies.TestGetAuthContext" name="test_user_without_tenant_id_raises_403" time="0.013" /><testcase classname="tests.unit.test_dependencies.TestGetAuthContext" name="test_invalid_token_raises_401" time="0.013" /><testcase classname="tests.unit.test_pocketbase_client.TestPocketBaseClientAuthWithPassword" name="test_success_returns_token_and_record" time="0.266" /><testcase classname="tests.unit.test_pocketbase_client.TestPocketBaseClientAuthWithPassword" name="test_invalid_credentials_raises_401" time="0.248" /><testcase classname="tests.unit.test_pocketbase_client.TestPocketBaseClientAuthWithPassword" name="test_collection_not_found_raises_404" time="0.258" /><testcase classname="tests.unit.test_pocketbase_client.TestPocketBaseClientAuthWithPassword" name="test_server_error_propagates_status_code" time="0.248" /><testcase classname="tests.unit.test_pocketbase_client.TestPocketBaseClientAuthWithPassword" name="test_identity_field_sent_in_payload" time="0.249" /><testcase classname="tests.unit.test_pocketbase_client.TestPocketBaseClientAuthWithPassword" name="test_identity_field_omitted_when_none" time="0.249" /><testcase classname="tests.unit.test_pocketbase_client.TestPocketBaseClientAuthWithPassword" name="test_base_url_trailing_slash_is_normalized" time="0.248" /><testcase classname="tests.unit.test_pocketbase_client.TestPocketBaseClientAuthRefresh" name="test_success_returns_refreshed_token_and_record" time="0.246" /><testcase classname="tests.unit.test_pocketbase_client.TestPocketBaseClientAuthRefresh" name="test_token_sent_in_authorization_header" time="0.247" /><testcase classname="tests.unit.test_pocketbase_client.TestPocketBaseClientAuthRefresh" name="test_invalid_token_raises_401" time="0.247" /><testcase classname="tests.unit.test_pocketbase_client.TestPocketBaseClientAuthRefresh" name="test_collection_not_found_raises_404" time="0.252" /><testcase classname="tests.unit.test_pocketbase_client.TestPocketBaseClientAuthRefresh" name="test_server_error_propagates_status_code" time="0.252" /><testcase classname="tests.unit.test_pocketbase_client.TestPocketBaseClientListRecords" name="test_success_returns_items" time="0.250" /><testcase classname="tests.unit.test_pocketbase_client.TestPocketBaseClientListRecords" name="test_filter_and_sort_forwarded_as_params" time="0.248" /><testcase classname="tests.unit.test_pocketbase_client.TestPocketBaseClientListRecords" name="test_token_sent_in_authorization_header" time="0.249" /><testcase classname="tests.unit.test_pocketbase_client.TestPocketBaseClientListRecords" name="test_invalid_token_raises_401" time="0.250" /><testcase classname="tests.unit.test_pocketbase_client.TestPocketBaseClientListRecords" name="test_unknown_collection_raises_404" time="0.246" /><testcase classname="tests.unit.test_pocketbase_client.TestPocketBaseClientCollectionList" name="test_collection_list_calls_list_records" time="0.245" /><testcase classname="tests.unit.test_pocketbase_client.TestPocketBaseClientFindOneByFilter" name="test_returns_first_matching_record" time="0.247" /><testcase classname="tests.unit.test_pocketbase_client.TestPocketBaseClientFindOneByFilter" name="test_no_match_raises_404" time="0.241" /><testcase classname="tests.unit.test_pocketbase_client.TestPocketBaseClientCreateRecord" name="test_success_returns_created_record" time="0.253" /><testcase classname="tests.unit.test_pocketbase_client.TestPocketBaseClientCreateRecord" name="test_payload_forwarded_as_json_body" time="0.251" /><testcase classname="tests.unit.test_pocketbase_client.TestPocketBaseClientCreateRecord" name="test_validation_error_raises_400" time="0.311" /><testcase classname="tests.unit.test_pocketbase_client.TestPocketBaseClientCreateRecord" name="test_unauthorized_raises_401" time="0.246" /><testcase classname="tests.unit.test_pocketbase_client.TestPocketBaseClientUpdateRecord" name="test_success_returns_updated_record" time="0.240" /><testcase classname="tests.unit.test_pocketbase_client.TestPocketBaseClientUpdateRecord" name="test_record_not_found_raises_404" time="0.243" /><testcase classname="tests.unit.test_pocketbase_client.TestPocketBaseClientUpdateRecord" name="test_unauthorized_raises_401" time="0.245" /><testcase classname="tests.unit.test_pocketbase_client.TestPocketBaseClientDeleteRecord" name="test_success_returns_none" time="0.247" /><testcase classname="tests.unit.test_pocketbase_client.TestPocketBaseClientDeleteRecord" name="test_record_not_found_raises_404" time="0.244" /><testcase classname="tests.unit.test_pocketbase_client.TestPocketBaseClientDeleteRecord" name="test_unauthorized_raises_401" time="0.248" /><testcase classname="tests.unit.test_pocketbase_client.TestPocketBaseClientDeleteRecord" name="test_forbidden_raises_403" time="0.246" /><testcase classname="tests.unit.test_pocketbase_client.TestPocketBaseClientRetry" name="test_retries_on_5xx_then_succeeds" time="2.419" /><testcase classname="tests.unit.test_pocketbase_client.TestPocketBaseClientRetry" name="test_retries_exhausted_raises_5xx" time="2.316" /><testcase classname="tests.unit.test_pocketbase_client.TestPocketBaseClientRetry" name="test_no_retry_on_4xx" time="0.240" /><testcase classname="tests.unit.test_pocketbase_client.TestPocketBaseClientRetry" name="test_retries_on_timeout_then_succeeds" time="1.053" /><testcase classname="tests.unit.test_pocketbase_client.TestPocketBaseClientAuthHeaders" name="test_raises_401_when_no_token_and_no_static_token" time="0.001" /><testcase classname="tests.unit.test_pocketbase_client.TestPocketBaseClientAuthHeaders" name="test_uses_static_token_when_no_token_provided" time="0.001" /><testcase classname="tests.unit.test_pocketbase_client.TestPocketBaseClientAuthHeaders" name="test_uses_explicit_token_over_static_token" time="0.001" /><testcase classname="tests.unit.test_pocketbase_client.TestCreateStaticPbClient" name="test_raises_valueerror_when_missing_params" time="0.003" /><testcase classname="tests.unit.test_pocketbase_client.TestCreateStaticPbClient" name="test_raises_valueerror_when_only_base_url" time="0.001" /><testcase classname="tests.unit.test_pocketbase_client.TestCreateStaticPbClient" name="test_raises_valueerror_when_only_token" time="0.001" /><testcase classname="tests.unit.test_pocketbase_client.TestCreateStaticPbClient" name="test_creates_client_with_explicit_params" time="0.001" /><testcase classname="tests.unit.test_pocketbase_client.TestCreateStaticPbClient" name="test_creates_client_from_settings" time="0.001" /><testcase classname="tests.unit.test_property_service.TestPropertyServiceCreate" name="test_creates_property_success" time="0.003" /><testcase classname="tests.unit.test_property_service.TestPropertyServiceCreate" name="test_duplicate_slug_raises_409" time="0.003" /><testcase classname="tests.unit.test_property_service.TestPropertyServiceCreate" name="test_category_without_slug_raises_422" time="0.003" /><testcase classname="tests.unit.test_property_service.TestPropertyServiceCreate" name="test_invalid_fields_raises_400" time="0.003" /><testcase classname="tests.unit.test_property_service.TestPropertyServiceUpdate" name="test_updates_property_success" time="0.003" /><testcase classname="tests.unit.test_property_service.TestPropertyServiceUpdate" name="test_publish_sets_published_at" time="0.003" /><testcase classname="tests.unit.test_property_service.TestPropertyServiceSoftDelete" name="test_soft_delete_sets_deleted_at" time="0.003" /><testcase classname="tests.unit.test_rbac.TestUserRolePermissions" name="test_owner_has_all_permissions" time="0.001" /><testcase classname="tests.unit.test_rbac.TestUserRolePermissions" name="test_admin_has_most_permissions" time="0.001" /><testcase classname="tests.unit.test_rbac.TestUserRolePermissions" name="test_member_has_limited_permissions" time="0.001" /><testcase classname="tests.unit.test_rbac.TestUserRolePermissions" name="test_guest_has_readonly_permissions" time="0.001" /><testcase classname="tests.unit.test_rbac.TestUserRolePermissions" name="test_no_role_defaults_to_guest" time="0.001" /><testcase classname="tests.unit.test_rbac.TestRoleGuard" name="test_guard_allows_owner" time="0.001" /><testcase classname="tests.unit.test_rbac.TestRoleGuard" name="test_guard_allows_multiple_roles" time="0.001" /><testcase classname="tests.unit.test_rbac.TestRoleGuard" name="test_guard_denies_unauthorized_role" time="0.001" /><testcase classname="tests.unit.test_rbac.TestRoleGuard" name="test_guard_with_permission_check" time="0.001" /><testcase classname="tests.unit.test_rbac.TestRoleGuard" name="test_guard_denies_unknown_role" time="0.001" /><testcase classname="tests.unit.test_rbac.TestHelperFunctions" name="test_can_delete_resources" time="0.001" /><testcase classname="tests.unit.test_rbac.TestHelperFunctions" name="test_can_manage_users" time="0.001" /><testcase classname="tests.unit.test_rbac.TestPermissionMatrix" name="test_all_roles_have_permissions" time="0.001" /><testcase classname="tests.unit.test_rbac.TestPermissionMatrix" name="test_owner_permissions_superset" time="0.001" /><testcase classname="tests.unit.test_rbac.TestPermissionMatrix" name="test_admin_cannot_delete_users" time="0.001" /><testcase classname="tests.unit.test_rbac.TestPermissionMatrix" name="test_member_cannot_delete" time="0.001" /><testcase classname="tests.unit.test_rbac.TestPermissionMatrix" name="test_guest_cannot_write" time="0.001" /><testcase classname="tests.unit.test_route_helpers.TestValidateId" name="test_valid_id_passes" time="0.001" /><testcase classname="tests.unit.test_route_helpers.TestValidateId" name="test_invalid_id_raises_400" time="0.001" /><testcase classname="tests.unit.test_route_helpers.TestBuildFilter" name="test_joins_parts_with_and" time="0.001" /><testcase classname="tests.unit.test_route_helpers.TestBuildFilter" name="test_single_part_returns_as_is" time="0.001" /><testcase classname="tests.unit.test_route_helpers.TestBuildFilter" name="test_empty_list_returns_none" time="0.001" /><testcase classname="tests.unit.test_route_helpers.TestAuthTenant" name="test_returns_tenant_id" time="0.001" /><testcase classname="tests.unit.test_route_helpers.TestAuthTenant" name="test_returns_none_if_missing" time="0.001" /><testcase classname="tests.unit.test_route_helpers.TestEnsureTenantOwns" name="test_matching_tenant_passes" time="0.001" /><testcase classname="tests.unit.test_route_helpers.TestEnsureTenantOwns" name="test_non_matching_tenant_raises_404" time="0.001" /><testcase classname="tests.unit.test_route_helpers.TestEnsureTenantOwns" name="test_no_tenant_on_auth_passes" time="0.001" /><testcase classname="tests.unit.test_route_helpers.TestEnsureSiteTenant" name="test_no_tenant_on_auth_passes" time="0.003" /><testcase classname="tests.unit.test_route_helpers.TestEnsureSiteTenant" name="test_site_belongs_to_tenant_passes" time="0.002" /><testcase classname="tests.unit.test_route_helpers.TestEnsureSiteTenant" name="test_site_belongs_to_different_tenant_raises_404" time="0.003" /><testcase classname="tests.unit.test_route_helpers.TestEnsureFileTenant" name="test_no_tenant_on_auth_passes" time="0.002" /><testcase classname="tests.unit.test_route_helpers.TestEnsureFileTenant" name="test_no_site_id_passes" time="0.002" /><testcase classname="tests.unit.test_route_helpers.TestEnsureFileTenant" name="test_site_belongs_to_tenant_passes" time="0.003" /><testcase classname="tests.unit.test_route_helpers.TestPublicIdToRecordId" name="test_returns_record_id" time="0.002" /><testcase classname="tests.unit.test_route_helpers.TestRecordIdToPublicId" name="test_returns_public_id" time="0.003" /><testcase classname="tests.unit.test_route_helpers.TestRecordIdToPublicId" name="test_none_record_id_returns_none" time="0.003" /><testcase classname="tests.unit.test_route_helpers.TestRecordIdToPublicId" name="test_http_exception_returns_none" time="0.002" /><testcase classname="tests.unit.test_serve_service.TestNormalizeServeStatus" name="test_none_returns_none" time="0.001" /><testcase classname="tests.unit.test_serve_service.TestNormalizeServeStatus" name="test_empty_string_returns_none" time="0.001" /><testcase classname="tests.unit.test_serve_service.TestNormalizeServeStatus" name="test_valid_status_returned" time="0.001" /><testcase classname="tests.unit.test_serve_service.TestUpdateStageLog" name="test_none_log_creates_new_dict" time="0.001" /><testcase classname="tests.unit.test_serve_service.TestUpdateStageLog" name="test_empty_dict_log" time="0.001" /><testcase classname="tests.unit.test_serve_service.TestUpdateStageLog" name="test_existing_log_preserved" time="0.001" /><testcase classname="tests.unit.test_serve_service.TestUpdateStageLog" name="test_none_target_no_timestamp" time="0.001" /><testcase classname="tests.unit.test_serve_service.TestUpdateStageLog" name="test_non_dict_log_treated_as_empty" time="0.001" /><testcase classname="tests.unit.test_serve_service.TestAssertTransition" name="test_valid_transition_passes" time="0.001" /><testcase classname="tests.unit.test_serve_service.TestAssertTransition" name="test_invalid_transition_raises" time="0.001" /><testcase classname="tests.unit.test_serve_service.TestAssertTransition" name="test_unknown_current_state_raises" time="0.001" /><testcase classname="tests.unit.test_serve_service.TestServeTransitions" name="test_all_transitions_are_valid_sets" time="0.001" /><testcase classname="tests.unit.test_serve_service.TestServeTransitions" name="test_complete_lifecycle" time="0.001" /><testcase classname="tests.unit.test_serve_service.TestServeTransitions" name="test_failure_and_recovery" time="0.001" /><testcase classname="tests.unit.test_site_file_service.TestSiteFileServiceCreateUpload" name="test_unsupported_mime_raises_415" time="0.004" /><testcase classname="tests.unit.test_site_file_service.TestSiteFileServiceCreateUpload" name="test_file_too_large_raises_413" time="0.004" /><testcase classname="tests.unit.test_site_file_service.TestSiteFileServiceCreateUpload" name="test_creates_upload_record" time="0.006" /><testcase classname="tests.unit.test_site_file_service.TestSiteFileServiceConfirmUpload" name="test_idempotent_already_uploaded" time="0.004" /><testcase classname="tests.unit.test_site_file_service.TestSiteFileServiceConfirmUpload" name="test_object_not_found_raises_409" time="0.003" /><testcase classname="tests.unit.test_site_file_service.TestSiteFileServiceConfirmUpload" name="test_size_mismatch_raises_422" time="0.003" /><testcase classname="tests.unit.test_site_file_service.TestSiteFileServiceListFiles" name="test_lists_files_for_site" time="0.003" /><testcase classname="tests.unit.test_site_file_service.TestSiteFileServiceListFiles" name="test_lists_files_with_page_filter" time="0.003" /><testcase classname="tests.unit.test_site_file_service.TestSiteFileServiceDelete" name="test_deletes_object_and_record" time="0.004" /><testcase classname="tests.unit.test_site_file_service.TestSiteFileServiceBulkDelete" name="test_bulk_delete_success" time="0.003" /><testcase classname="tests.unit.test_site_file_service.TestSiteFileServiceBulkDelete" name="test_bulk_delete_not_found" time="0.003" /><testcase classname="tests.unit.test_user_routes.TestRequireAdminRole" name="test_admin_has_users_permission" time="0.001" /><testcase classname="tests.unit.test_user_routes.TestRequireAdminRole" name="test_owner_has_users_permission" time="0.001" /><testcase classname="tests.unit.test_user_routes.TestRequireAdminRole" name="test_member_lacks_users_permission" time="0.001" /><testcase classname="tests.unit.test_user_routes.TestRecordToResponse" name="test_maps_record_fields" time="0.001" /><testcase classname="tests.unit.test_user_routes.TestRecordToResponse" name="test_handles_missing_optional_fields" time="0.001" /><testcase classname="tests.unit.test_user_routes.TestGetMyProfile" name="test_returns_current_user_profile" time="0.003" /><testcase classname="tests.unit.test_user_routes.TestUpdateMyProfile" name="test_updates_name" time="0.003" /><testcase classname="tests.unit.test_user_routes.TestUpdateMyProfile" name="test_empty_update_returns_current" time="0.003" /><testcase classname="tests.unit.test_user_routes.TestListUsers" name="test_admin_can_list_users" time="0.003" /><testcase classname="tests.unit.test_user_routes.TestListUsers" name="test_member_cannot_list_users" time="0.002" /><testcase classname="tests.unit.test_user_routes.TestListUsers" name="test_filters_by_status" time="0.003" /><testcase classname="tests.unit.test_user_routes.TestCreateUser" name="test_admin_creates_user_with_temp_password" time="0.008" /><testcase classname="tests.unit.test_user_routes.TestCreateUser" name="test_member_cannot_create_user" time="0.003" /><testcase classname="tests.unit.test_user_routes.TestCreateUser" name="test_create_user_in_different_tenant_raises_400" time="0.003" /><testcase classname="tests.unit.test_user_routes.TestGetUser" name="test_admin_gets_user_in_same_tenant" time="0.003" /><testcase classname="tests.unit.test_user_routes.TestGetUser" name="test_member_cannot_get_user" time="0.002" /><testcase classname="tests.unit.test_user_routes.TestGetUser" name="test_get_user_from_different_tenant_raises_404" time="0.003" /><testcase classname="tests.unit.test_user_routes.TestUpdateUser" name="test_admin_updates_user" time="0.003" /><testcase classname="tests.unit.test_user_routes.TestUpdateUser" name="test_member_cannot_update_user" time="0.003" /><testcase classname="tests.unit.test_user_routes.TestUpdateUser" name="test_update_user_from_different_tenant_raises_404" time="0.003" /><testcase classname="tests.unit.test_user_routes.TestDeleteUser" name="test_admin_soft_deletes_user" time="0.003" /><testcase classname="tests.unit.test_user_routes.TestDeleteUser" name="test_member_cannot_delete_user" time="0.002" /><testcase classname="tests.unit.test_user_routes.TestDeleteUser" name="test_delete_user_from_different_tenant_raises_404" time="0.004" /></testsuite></testsuites>