<?xml version="1.0" encoding="utf-8"?><testsuites name="pytest tests"><testsuite name="pytest" errors="0" failures="0" skipped="0" tests="62" time="3.032" timestamp="2026-08-24T20:55:02.781327+07:00" hostname="raspberrypi"><testcase classname="tests.unit.test_content_routes_isolation.TestListTenantIsolation" name="test_list_templates_filters_by_tenant" time="0.016" /><testcase classname="tests.unit.test_content_routes_isolation.TestListTenantIsolation" name="test_list_styles_filters_by_tenant" time="0.006" /><testcase classname="tests.unit.test_content_routes_isolation.TestListTenantIsolation" name="test_list_blocks_filters_by_tenant" time="0.006" /><testcase classname="tests.unit.test_content_routes_isolation.TestListTenantIsolation" name="test_list_pages_filters_by_tenant" time="0.007" /><testcase classname="tests.unit.test_content_routes_isolation.TestListTenantIsolation" name="test_list_sections_filters_by_tenant" time="0.006" /><testcase classname="tests.unit.test_content_routes_isolation.TestGetTenantIsolation" name="test_get_template_scopes_lookup_by_tenant" time="0.007" /><testcase classname="tests.unit.test_content_routes_isolation.TestGetTenantIsolation" name="test_get_template_cross_tenant_raises_404" time="0.006" /><testcase classname="tests.unit.test_content_routes_isolation.TestGetTenantIsolation" name="test_get_block_scopes_lookup_by_tenant" time="0.006" /><testcase classname="tests.unit.test_content_routes_isolation.TestGetTenantIsolation" name="test_get_page_scopes_lookup_by_tenant" time="0.006" /><testcase classname="tests.unit.test_content_routes_isolation.TestGetTenantIsolation" name="test_get_section_scopes_lookup_by_tenant" time="0.007" /><testcase classname="tests.unit.test_content_routes_isolation.TestTemplateExpandIsolation" name="test_expand_style_scoped_by_tenant" time="0.006" /><testcase classname="tests.unit.test_content_routes_isolation.TestTemplateExpandIsolation" name="test_expand_pages_scoped_by_tenant" time="0.007" /><testcase classname="tests.unit.test_content_routes_isolation.TestDefaultRole" name="test_rbac_defaults_missing_role_to_guest" time="0.001" /><testcase classname="tests.unit.test_content_routes_isolation.TestDefaultRole" name="test_user_response_defaults_missing_role_to_guest" time="0.001" /><testcase classname="tests.unit.test_content_routes_isolation.TestNoDuplicateSitesPrefix" name="test_no_route_has_duplicated_sites_segment" time="0.953" /><testcase classname="tests.unit.test_content_routes_isolation.TestNoDuplicateSitesPrefix" name="test_property_routes_are_not_double_prefixed" time="0.001" /><testcase classname="tests.unit.test_user_routes.TestRequireAdminRole" name="test_admin_has_users_permission" time="0.001" /><testcase classname="tests.unit.test_user_routes.TestRequireAdminRole" name="test_owner_has_users_permission" time="0.001" /><testcase classname="tests.unit.test_user_routes.TestRequireAdminRole" name="test_member_lacks_users_permission" time="0.001" /><testcase classname="tests.unit.test_user_routes.TestRecordToResponse" name="test_maps_record_fields" time="0.001" /><testcase classname="tests.unit.test_user_routes.TestRecordToResponse" name="test_handles_missing_optional_fields" time="0.001" /><testcase classname="tests.unit.test_user_routes.TestGetMyProfile" name="test_returns_current_user_profile" time="0.005" /><testcase classname="tests.unit.test_user_routes.TestUpdateMyProfile" name="test_updates_name" time="0.006" /><testcase classname="tests.unit.test_user_routes.TestUpdateMyProfile" name="test_empty_update_returns_current" time="0.006" /><testcase classname="tests.unit.test_user_routes.TestListUsers" name="test_admin_can_list_users" time="0.007" /><testcase classname="tests.unit.test_user_routes.TestListUsers" name="test_member_cannot_list_users" time="0.004" /><testcase classname="tests.unit.test_user_routes.TestListUsers" name="test_filters_by_status" time="0.005" /><testcase classname="tests.unit.test_user_routes.TestCreateUser" name="test_admin_creates_user_with_temp_password" time="0.017" /><testcase classname="tests.unit.test_user_routes.TestCreateUser" name="test_member_cannot_create_user" time="0.005" /><testcase classname="tests.unit.test_user_routes.TestCreateUser" name="test_create_user_in_different_tenant_raises_400" time="0.006" /><testcase classname="tests.unit.test_user_routes.TestGetUser" name="test_admin_gets_user_in_same_tenant" time="0.007" /><testcase classname="tests.unit.test_user_routes.TestGetUser" name="test_member_cannot_get_user" time="0.005" /><testcase classname="tests.unit.test_user_routes.TestGetUser" name="test_get_user_from_different_tenant_raises_404" time="0.006" /><testcase classname="tests.unit.test_user_routes.TestUpdateUser" name="test_admin_updates_user" time="0.008" /><testcase classname="tests.unit.test_user_routes.TestUpdateUser" name="test_member_cannot_update_user" time="0.005" /><testcase classname="tests.unit.test_user_routes.TestUpdateUser" name="test_update_user_from_different_tenant_raises_404" time="0.006" /><testcase classname="tests.unit.test_user_routes.TestDeleteUser" name="test_admin_soft_deletes_user" time="0.009" /><testcase classname="tests.unit.test_user_routes.TestDeleteUser" name="test_member_cannot_delete_user" time="0.007" /><testcase classname="tests.unit.test_user_routes.TestDeleteUser" name="test_delete_user_from_different_tenant_raises_404" time="0.007" /><testcase classname="tests.unit.test_rbac.TestUserRolePermissions" name="test_owner_has_all_permissions" time="0.001" /><testcase classname="tests.unit.test_rbac.TestUserRolePermissions" name="test_admin_has_most_permissions" time="0.001" /><testcase classname="tests.unit.test_rbac.TestUserRolePermissions" name="test_member_has_limited_permissions" time="0.001" /><testcase classname="tests.unit.test_rbac.TestUserRolePermissions" name="test_guest_has_readonly_permissions" time="0.001" /><testcase classname="tests.unit.test_rbac.TestUserRolePermissions" name="test_no_role_defaults_to_guest" time="0.001" /><testcase classname="tests.unit.test_rbac.TestHelperFunctions" name="test_can_delete_resources" time="0.001" /><testcase classname="tests.unit.test_rbac.TestHelperFunctions" name="test_can_manage_users" time="0.001" /><testcase classname="tests.unit.test_rbac.TestPermissionMatrix" name="test_all_roles_have_permissions" time="0.001" /><testcase classname="tests.unit.test_rbac.TestPermissionMatrix" name="test_owner_permissions_superset" time="0.001" /><testcase classname="tests.unit.test_rbac.TestPermissionMatrix" name="test_admin_cannot_delete_users" time="0.001" /><testcase classname="tests.unit.test_rbac.TestPermissionMatrix" name="test_member_cannot_delete" time="0.001" /><testcase classname="tests.unit.test_rbac.TestPermissionMatrix" name="test_guest_cannot_write" time="0.001" /><testcase classname="tests.unit.test_rbac.TestCheckRolePermission" name="test_owner_can_assign_admin" time="0.001" /><testcase classname="tests.unit.test_rbac.TestCheckRolePermission" name="test_owner_can_assign_member" time="0.001" /><testcase classname="tests.unit.test_rbac.TestCheckRolePermission" name="test_owner_can_assign_guest" time="0.001" /><testcase classname="tests.unit.test_rbac.TestCheckRolePermission" name="test_owner_cannot_assign_owner" time="0.001" /><testcase classname="tests.unit.test_rbac.TestCheckRolePermission" name="test_admin_can_assign_member" time="0.001" /><testcase classname="tests.unit.test_rbac.TestCheckRolePermission" name="test_admin_can_assign_guest" time="0.001" /><testcase classname="tests.unit.test_rbac.TestCheckRolePermission" name="test_admin_cannot_assign_owner" time="0.001" /><testcase classname="tests.unit.test_rbac.TestCheckRolePermission" name="test_admin_cannot_assign_admin" time="0.001" /><testcase classname="tests.unit.test_rbac.TestCheckRolePermission" name="test_member_cannot_assign_equal_or_higher_role" time="0.002" /><testcase classname="tests.unit.test_rbac.TestCheckRolePermission" name="test_member_can_assign_guest" time="0.001" /><testcase classname="tests.unit.test_rbac.TestCheckRolePermission" name="test_guest_cannot_assign_any_role" time="0.001" /></testsuite></testsuites>